<?xml version="1.0" encoding="UTF-8"?>
<!-- Generated by org.testng.reporters.JUnitReportReporter -->
<testsuite ignored="1" hostname="Kai-PC" failures="0" tests="1" name="com.course.cases.LoginTest" time="1.369" errors="0" timestamp="02 Nov 2019 09:42:24 GMT" skipped="0">
  <testcase classname="com.course.cases.LoginTest" name="loginTrue" time="1.369"/>
  <testcase classname="com.course.cases.LoginTest" name="loginFalse">
    <skipped/>
  </testcase> <!-- loginFalse -->
</testsuite> <!-- com.course.cases.LoginTest -->
